<?xml version="1.0" encoding="utf-8"?><testsuite errors="0" failures="1" name="pytest" skipped="0" tests="7" time="17.523"><testcase classname="tests.test_default" file="tests/test_default.py" line="10" name="test_files[ansible://instance-/etc/grid-security/hostcert.pem]" time="4.735"></testcase><testcase classname="tests.test_default" file="tests/test_default.py" line="10" name="test_files[ansible://instance-/etc/vomses/cms-lcg-voms2.cern.ch]" time="1.019"></testcase><testcase classname="tests.test_default" file="tests/test_default.py" line="10" name="test_files[ansible://instance-/etc/grid-security/vomsdir/cms/lcg-voms2.cern.ch.lsc]" time="1.024"></testcase><testcase classname="tests.test_default" file="tests/test_default.py" line="10" name="test_files[ansible://instance-/etc/yum.repos.d/UMD-4-updates.repo]" time="1.023"></testcase><testcase classname="tests.test_default" file="tests/test_default.py" line="22" name="test_packages[ansible://instance-ca-policy-lcg-1.]" time="5.834"></testcase><testcase classname="tests.test_default" file="tests/test_default.py" line="22" name="test_packages[ansible://instance-fetch-crl-3.0.]" time="2.204"></testcase><testcase classname="tests.test_default" file="tests/test_default.py" line="33" name="test_verify_ca[ansible://instance]" time="1.076"><failure message="assert 2 == 0
 +  where 2 = CommandResult(command=&apos;/usr/bin/openssl verify -CApath /etc/grid-security/certificates /etc/grid-security/hostcert.pem...m&apos;,&apos;r&apos;)\n140309416531856:error:20074002:BIO routines:FILE_CTRL:system lib:bss_file.c:404:\nunable to load certificate&quot;).rc">host = &lt;testinfra.host.Host object at 0x1064a7400&gt;

    def test_verify_ca(host):
        cmd = host.run(&apos;/usr/bin/openssl verify -CApath /etc/grid-security/certificates /etc/grid-security/hostcert.pem&apos;)  # noqa: E501
    
&gt;       assert cmd.rc == 0
E       assert 2 == 0
E        +  where 2 = CommandResult(command=&apos;/usr/bin/openssl verify -CApath /etc/grid-security/certificates /etc/grid-security/hostcert.pem...m&apos;,&apos;r&apos;)\n140309416531856:error:20074002:BIO routines:FILE_CTRL:system lib:bss_file.c:404:\nunable to load certificate&quot;).rc

tests/test_default.py:37: AssertionError</failure></testcase></testsuite>